[debug] [2026-02-10T19:10:38.190Z] ----------------------------------------------------------------------
[debug] [2026-02-10T19:10:38.193Z] Command:       C:\Program Files\nodejs\node.exe C:\Users\phemi\AppData\Roaming\npm\node_modules\firebase-tools\lib\bin\firebase.js init
[debug] [2026-02-10T19:10:38.193Z] CLI Version:   14.24.0
[debug] [2026-02-10T19:10:38.194Z] Platform:      win32
[debug] [2026-02-10T19:10:38.194Z] Node Version:  v22.13.1
[debug] [2026-02-10T19:10:38.194Z] Time:          Tue Feb 10 2026 20:10:38 GMT+0100 (West Africa Standard Time)
[debug] [2026-02-10T19:10:38.194Z] ----------------------------------------------------------------------
[debug] 
[debug] [2026-02-10T19:10:38.196Z] >>> [apiv2][query] GET https://firebase-public.firebaseio.com/cli.json [none]
[info] 
     ######## #### ########  ######## ########     ###     ######  ########
     ##        ##  ##     ## ##       ##     ##  ##   ##  ##       ##
     ######    ##  ########  ######   ########  #########  ######  ######
     ##        ##  ##    ##  ##       ##     ## ##     ##       ## ##
     ##       #### ##     ## ######## ########  ##     ##  ######  ########

You're about to initialize a Firebase project in this directory:

  C:\Users\phemi\Documents\mine\luxury-wig-store

[debug] [2026-02-10T19:10:38.920Z] <<< [apiv2][status] GET https://firebase-public.firebaseio.com/cli.json 200
[debug] [2026-02-10T19:10:38.920Z] <<< [apiv2][body] GET https://firebase-public.firebaseio.com/cli.json {"cloudBuildErrorAfter":1594252800000,"cloudBuildWarnAfter":1590019200000,"defaultNode10After":1594252800000,"minVersion":"3.0.5","node8DeploysDisabledAfter":1613390400000,"node8RuntimeDisabledAfter":1615809600000,"node8WarnAfter":1600128000000}
[info] 
=== Project Setup
[info] 
[info] First, let's associate this project directory with a Firebase project.
[info] You can create multiple project aliases by running firebase use --add, 
[info] 
